build/app/intermediates/manifest_merge_blame_file/debug/manifest-merger-blame-debug-report.txt
1<?xml version="1.0" encoding="utf-8"?>
2<manifest xmlns:android="http://schemas.android.com/apk/res/android"
3    package="com.example.signin_page"
4    android:versionCode="1"
5    android:versionName="1.0.0" >
6
7    <uses-sdk
8        android:minSdkVersion="26"
9        android:targetSdkVersion="30" />
10    <!--
11         Flutter needs it to communicate with the running application
12         to allow setting breakpoints, to provide hot reload, etc.
13    -->
14    <uses-permission android:name="android.permission.INTERNET" />
14-->src/main/AndroidManifest.xml:31:5-66
14-->src/main/AndroidManifest.xml:31:22-64
15    <uses-permission android:name="android.permission.ACCESS_NETWORK_STATE" />
15-->[com.google.firebase:firebase-auth:21.0.3] AndroidManifest.xml:24:5-79
15-->[com.google.firebase:firebase-auth:21.0.3] AndroidManifest.xml:24:22-76
16    <uses-permission android:name="com.google.android.gms.permission.AD_ID" />
16-->[com.facebook.android:facebook-core:13.2.0] AndroidManifest.xml:28:5-79
16-->[com.facebook.android:facebook-core:13.2.0] AndroidManifest.xml:28:22-76
17    <uses-permission android:name="com.google.android.finsky.permission.BIND_GET_INSTALL_REFERRER_SERVICE" />
17-->[com.android.installreferrer:installreferrer:1.0] AndroidManifest.xml:9:5-110
17-->[com.android.installreferrer:installreferrer:1.0] AndroidManifest.xml:9:22-107
18
19    <application
20        android:name="android.app.Application"
21        android:appComponentFactory="androidx.core.app.CoreComponentFactory"
21-->[androidx.core:core:1.6.0] AndroidManifest.xml:24:18-86
22        android:debuggable="true"
23        android:extractNativeLibs="false"
24        android:icon="@mipmap/launcher_icon"
25        android:label="AquaFocus"
26        android:supportsRtl="true" >
26-->[com.facebook.android:facebook-login:13.2.0] AndroidManifest.xml:28:18-44
27        <activity
28            android:name="com.example.signin_page.MainActivity"
29            android:configChanges="orientation|keyboardHidden|keyboard|screenSize|smallestScreenSize|locale|layoutDirection|fontScale|screenLayout|density|uiMode"
30            android:exported="true"
31            android:hardwareAccelerated="true"
32            android:launchMode="singleTop"
33            android:theme="@style/LaunchTheme"
34            android:windowSoftInputMode="adjustResize" >
35
36            <!--
37                 Specifies an Android theme to apply to this Activity as soon as
38                 the Android process has started. This theme is visible to the user
39                 while the Flutter UI initializes. After that, this theme continues
40                 to determine the Window background behind the Flutter UI.
41            -->
42            <meta-data
43                android:name="io.flutter.embedding.android.NormalTheme"
44                android:resource="@style/NormalTheme" />
45
46            <intent-filter>
47                <action android:name="android.intent.action.MAIN" />
48
49                <category android:name="android.intent.category.LAUNCHER" />
50            </intent-filter>
51        </activity>
52        <activity
53            android:name="com.facebook.FacebookActivity"
54            android:configChanges="keyboard|keyboardHidden|screenLayout|screenSize|orientation"
55            android:label="@string/app_name"
56            android:theme="@style/com_facebook_activity_theme" />
56-->[com.facebook.android:facebook-common:13.2.0] AndroidManifest.xml:33:13-63
57        <activity
58            android:name="com.facebook.CustomTabActivity"
59            android:exported="true" >
60            <intent-filter>
61                <action android:name="android.intent.action.VIEW" />
61-->[com.google.firebase:firebase-auth:21.0.3] AndroidManifest.xml:34:17-69
61-->[com.google.firebase:firebase-auth:21.0.3] AndroidManifest.xml:34:25-66
62
63                <category android:name="android.intent.category.DEFAULT" />
63-->[com.google.firebase:firebase-auth:21.0.3] AndroidManifest.xml:36:17-76
63-->[com.google.firebase:firebase-auth:21.0.3] AndroidManifest.xml:36:27-73
64                <category android:name="android.intent.category.BROWSABLE" />
64-->[com.google.firebase:firebase-auth:21.0.3] AndroidManifest.xml:37:17-78
64-->[com.google.firebase:firebase-auth:21.0.3] AndroidManifest.xml:37:27-75
65
66                <data android:scheme="@string/fb_login_protocol_scheme" />
66-->[com.google.firebase:firebase-auth:21.0.3] AndroidManifest.xml:39:17-42:51
66-->[com.google.firebase:firebase-auth:21.0.3] AndroidManifest.xml:42:21-48
67            </intent-filter>
68            <intent-filter>
68-->[com.facebook.android:facebook-common:13.2.0] AndroidManifest.xml:39:13-48:29
69                <action android:name="android.intent.action.VIEW" />
69-->[com.google.firebase:firebase-auth:21.0.3] AndroidManifest.xml:34:17-69
69-->[com.google.firebase:firebase-auth:21.0.3] AndroidManifest.xml:34:25-66
70
71                <category android:name="android.intent.category.DEFAULT" />
71-->[com.google.firebase:firebase-auth:21.0.3] AndroidManifest.xml:36:17-76
71-->[com.google.firebase:firebase-auth:21.0.3] AndroidManifest.xml:36:27-73
72                <category android:name="android.intent.category.BROWSABLE" />
72-->[com.google.firebase:firebase-auth:21.0.3] AndroidManifest.xml:37:17-78
72-->[com.google.firebase:firebase-auth:21.0.3] AndroidManifest.xml:37:27-75
73
74                <data
74-->[com.google.firebase:firebase-auth:21.0.3] AndroidManifest.xml:39:17-42:51
75                    android:host="cct.com.example.signin_page"
75-->[com.google.firebase:firebase-auth:21.0.3] AndroidManifest.xml:40:21-49
76                    android:scheme="fbconnect" />
76-->[com.google.firebase:firebase-auth:21.0.3] AndroidManifest.xml:42:21-48
77            </intent-filter>
78        </activity>
79
80        <!--
81             Don't delete the meta-data below.
82             This is used by the Flutter tool to generate GeneratedPluginRegistrant.java
83        -->
84        <meta-data
85            android:name="flutterEmbedding"
86            android:value="2" />
87        <meta-data
88            android:name="com.facebook.sdk.ApplicationId"
89            android:value="@string/facebook_app_id" />
90        <meta-data
91            android:name="com.facebook.sdk.ClientToken"
92            android:value="@string/facebook_client_token" />
93
94        <service
94-->[:firebase_auth] AndroidManifest.xml:8:9-12:19
95            android:name="com.google.firebase.components.ComponentDiscoveryService"
95-->[:firebase_auth] AndroidManifest.xml:8:18-89
96            android:directBootAware="true"
96-->[com.google.firebase:firebase-common:20.1.1] AndroidManifest.xml:35:13-43
97            android:exported="false" >
97-->[com.google.firebase:firebase-auth:21.0.3] AndroidManifest.xml:66:13-37
98            <meta-data
98-->[:firebase_auth] AndroidManifest.xml:9:13-11:85
99                android:name="com.google.firebase.components:io.flutter.plugins.firebase.auth.FlutterFirebaseAuthRegistrar"
99-->[:firebase_auth] AndroidManifest.xml:10:17-124
100                android:value="com.google.firebase.components.ComponentRegistrar" />
100-->[:firebase_auth] AndroidManifest.xml:11:17-82
101            <meta-data
101-->[:cloud_firestore] AndroidManifest.xml:9:13-11:85
102                android:name="com.google.firebase.components:io.flutter.plugins.firebase.firestore.FlutterFirebaseFirestoreRegistrar"
102-->[:cloud_firestore] AndroidManifest.xml:10:17-134
103                android:value="com.google.firebase.components.ComponentRegistrar" />
103-->[:cloud_firestore] AndroidManifest.xml:11:17-82
104            <meta-data
104-->[:firebase_core] AndroidManifest.xml:9:13-11:85
105                android:name="com.google.firebase.components:io.flutter.plugins.firebase.core.FlutterFirebaseCoreRegistrar"
105-->[:firebase_core] AndroidManifest.xml:10:17-124
106                android:value="com.google.firebase.components.ComponentRegistrar" />
106-->[:firebase_core] AndroidManifest.xml:11:17-82
107            <meta-data
107-->[com.google.firebase:firebase-auth:21.0.3] AndroidManifest.xml:67:13-69:85
108                android:name="com.google.firebase.components:com.google.firebase.auth.FirebaseAuthRegistrar"
108-->[com.google.firebase:firebase-auth:21.0.3] AndroidManifest.xml:68:17-109
109                android:value="com.google.firebase.components.ComponentRegistrar" />
109-->[com.google.firebase:firebase-auth:21.0.3] AndroidManifest.xml:69:17-82
110            <meta-data
110-->[com.google.firebase:firebase-firestore:24.1.2] AndroidManifest.xml:20:13-22:85
111                android:name="com.google.firebase.components:com.google.firebase.firestore.FirestoreRegistrar"
111-->[com.google.firebase:firebase-firestore:24.1.2] AndroidManifest.xml:21:17-111
112                android:value="com.google.firebase.components.ComponentRegistrar" />
112-->[com.google.firebase:firebase-firestore:24.1.2] AndroidManifest.xml:22:17-82
113        </service>
114
115        <uses-library
115-->[androidx.window:window:1.0.0-beta04] AndroidManifest.xml:25:9-27:40
116            android:name="androidx.window.extensions"
116-->[androidx.window:window:1.0.0-beta04] AndroidManifest.xml:26:13-54
117            android:required="false" />
117-->[androidx.window:window:1.0.0-beta04] AndroidManifest.xml:27:13-37
118        <uses-library
118-->[androidx.window:window:1.0.0-beta04] AndroidManifest.xml:28:9-30:40
119            android:name="androidx.window.sidecar"
119-->[androidx.window:window:1.0.0-beta04] AndroidManifest.xml:29:13-51
120            android:required="false" />
120-->[androidx.window:window:1.0.0-beta04] AndroidManifest.xml:30:13-37
121
122        <activity
122-->[com.google.firebase:firebase-auth:21.0.3] AndroidManifest.xml:27:9-44:20
123            android:name="com.google.firebase.auth.internal.GenericIdpActivity"
123-->[com.google.firebase:firebase-auth:21.0.3] AndroidManifest.xml:28:13-80
124            android:excludeFromRecents="true"
124-->[com.google.firebase:firebase-auth:21.0.3] AndroidManifest.xml:29:13-46
125            android:exported="true"
125-->[com.google.firebase:firebase-auth:21.0.3] AndroidManifest.xml:30:13-36
126            android:launchMode="singleTask"
126-->[com.google.firebase:firebase-auth:21.0.3] AndroidManifest.xml:31:13-44
127            android:theme="@android:style/Theme.Translucent.NoTitleBar" >
127-->[com.google.firebase:firebase-auth:21.0.3] AndroidManifest.xml:32:13-72
128            <intent-filter>
128-->[com.google.firebase:firebase-auth:21.0.3] AndroidManifest.xml:33:13-43:29
129                <action android:name="android.intent.action.VIEW" />
129-->[com.google.firebase:firebase-auth:21.0.3] AndroidManifest.xml:34:17-69
129-->[com.google.firebase:firebase-auth:21.0.3] AndroidManifest.xml:34:25-66
130
131                <category android:name="android.intent.category.DEFAULT" />
131-->[com.google.firebase:firebase-auth:21.0.3] AndroidManifest.xml:36:17-76
131-->[com.google.firebase:firebase-auth:21.0.3] AndroidManifest.xml:36:27-73
132                <category android:name="android.intent.category.BROWSABLE" />
132-->[com.google.firebase:firebase-auth:21.0.3] AndroidManifest.xml:37:17-78
132-->[com.google.firebase:firebase-auth:21.0.3] AndroidManifest.xml:37:27-75
133
134                <data
134-->[com.google.firebase:firebase-auth:21.0.3] AndroidManifest.xml:39:17-42:51
135                    android:host="firebase.auth"
135-->[com.google.firebase:firebase-auth:21.0.3] AndroidManifest.xml:40:21-49
136                    android:path="/"
136-->[com.google.firebase:firebase-auth:21.0.3] AndroidManifest.xml:41:21-37
137                    android:scheme="genericidp" />
137-->[com.google.firebase:firebase-auth:21.0.3] AndroidManifest.xml:42:21-48
138            </intent-filter>
139        </activity>
140        <activity
140-->[com.google.firebase:firebase-auth:21.0.3] AndroidManifest.xml:45:9-62:20
141            android:name="com.google.firebase.auth.internal.RecaptchaActivity"
141-->[com.google.firebase:firebase-auth:21.0.3] AndroidManifest.xml:46:13-79
142            android:excludeFromRecents="true"
142-->[com.google.firebase:firebase-auth:21.0.3] AndroidManifest.xml:47:13-46
143            android:exported="true"
143-->[com.google.firebase:firebase-auth:21.0.3] AndroidManifest.xml:48:13-36
144            android:launchMode="singleTask"
144-->[com.google.firebase:firebase-auth:21.0.3] AndroidManifest.xml:49:13-44
145            android:theme="@android:style/Theme.Translucent.NoTitleBar" >
145-->[com.google.firebase:firebase-auth:21.0.3] AndroidManifest.xml:50:13-72
146            <intent-filter>
146-->[com.google.firebase:firebase-auth:21.0.3] AndroidManifest.xml:51:13-61:29
147                <action android:name="android.intent.action.VIEW" />
147-->[com.google.firebase:firebase-auth:21.0.3] AndroidManifest.xml:34:17-69
147-->[com.google.firebase:firebase-auth:21.0.3] AndroidManifest.xml:34:25-66
148
149                <category android:name="android.intent.category.DEFAULT" />
149-->[com.google.firebase:firebase-auth:21.0.3] AndroidManifest.xml:36:17-76
149-->[com.google.firebase:firebase-auth:21.0.3] AndroidManifest.xml:36:27-73
150                <category android:name="android.intent.category.BROWSABLE" />
150-->[com.google.firebase:firebase-auth:21.0.3] AndroidManifest.xml:37:17-78
150-->[com.google.firebase:firebase-auth:21.0.3] AndroidManifest.xml:37:27-75
151
152                <data
152-->[com.google.firebase:firebase-auth:21.0.3] AndroidManifest.xml:39:17-42:51
153                    android:host="firebase.auth"
153-->[com.google.firebase:firebase-auth:21.0.3] AndroidManifest.xml:40:21-49
154                    android:path="/"
154-->[com.google.firebase:firebase-auth:21.0.3] AndroidManifest.xml:41:21-37
155                    android:scheme="recaptcha" />
155-->[com.google.firebase:firebase-auth:21.0.3] AndroidManifest.xml:42:21-48
156            </intent-filter>
157        </activity>
158
159        <provider
159-->[com.google.firebase:firebase-common:20.1.1] AndroidManifest.xml:26:9-31:39
160            android:name="com.google.firebase.provider.FirebaseInitProvider"
160-->[com.google.firebase:firebase-common:20.1.1] AndroidManifest.xml:27:13-77
161            android:authorities="com.example.signin_page.firebaseinitprovider"
161-->[com.google.firebase:firebase-common:20.1.1] AndroidManifest.xml:28:13-72
162            android:directBootAware="true"
162-->[com.google.firebase:firebase-common:20.1.1] AndroidManifest.xml:29:13-43
163            android:exported="false"
163-->[com.google.firebase:firebase-common:20.1.1] AndroidManifest.xml:30:13-37
164            android:initOrder="100" />
164-->[com.google.firebase:firebase-common:20.1.1] AndroidManifest.xml:31:13-36
165
166        <activity android:name="com.facebook.CustomTabMainActivity" />
166-->[com.facebook.android:facebook-common:13.2.0] AndroidManifest.xml:34:9-71
166-->[com.facebook.android:facebook-common:13.2.0] AndroidManifest.xml:34:19-68
167        <activity
167-->[com.google.android.gms:play-services-auth:20.0.1] AndroidManifest.xml:23:9-27:75
168            android:name="com.google.android.gms.auth.api.signin.internal.SignInHubActivity"
168-->[com.google.android.gms:play-services-auth:20.0.1] AndroidManifest.xml:24:13-93
169            android:excludeFromRecents="true"
169-->[com.google.android.gms:play-services-auth:20.0.1] AndroidManifest.xml:25:13-46
170            android:exported="false"
170-->[com.google.android.gms:play-services-auth:20.0.1] AndroidManifest.xml:26:13-37
171            android:theme="@android:style/Theme.Translucent.NoTitleBar" />
171-->[com.google.android.gms:play-services-auth:20.0.1] AndroidManifest.xml:27:13-72
172        <!--
173            Service handling Google Sign-In user revocation. For apps that do not integrate with
174            Google Sign-In, this service will never be started.
175        -->
176        <service
176-->[com.google.android.gms:play-services-auth:20.0.1] AndroidManifest.xml:33:9-37:51
177            android:name="com.google.android.gms.auth.api.signin.RevocationBoundService"
177-->[com.google.android.gms:play-services-auth:20.0.1] AndroidManifest.xml:34:13-89
178            android:exported="true"
178-->[com.google.android.gms:play-services-auth:20.0.1] AndroidManifest.xml:35:13-36
179            android:permission="com.google.android.gms.auth.api.signin.permission.REVOCATION_NOTIFICATION"
179-->[com.google.android.gms:play-services-auth:20.0.1] AndroidManifest.xml:36:13-107
180            android:visibleToInstantApps="true" />
180-->[com.google.android.gms:play-services-auth:20.0.1] AndroidManifest.xml:37:13-48
181
182        <activity
182-->[com.google.android.gms:play-services-base:18.0.1] AndroidManifest.xml:20:9-22:45
183            android:name="com.google.android.gms.common.api.GoogleApiActivity"
183-->[com.google.android.gms:play-services-base:18.0.1] AndroidManifest.xml:20:19-85
184            android:exported="false"
184-->[com.google.android.gms:play-services-base:18.0.1] AndroidManifest.xml:22:19-43
185            android:theme="@android:style/Theme.Translucent.NoTitleBar" />
185-->[com.google.android.gms:play-services-base:18.0.1] AndroidManifest.xml:21:19-78
186
187        <meta-data
187-->[com.google.android.gms:play-services-basement:18.0.0] AndroidManifest.xml:21:9-23:69
188            android:name="com.google.android.gms.version"
188-->[com.google.android.gms:play-services-basement:18.0.0] AndroidManifest.xml:22:13-58
189            android:value="@integer/google_play_services_version" />
189-->[com.google.android.gms:play-services-basement:18.0.0] AndroidManifest.xml:23:13-66
190        <!--
191         The initialization ContentProvider will call FacebookSdk.sdkInitialize automatically
192         with the application context. This config is merged in with the host app's manifest,
193         but there can only be one provider with the same authority activated at any given
194         point; so if the end user has two or more different apps that use Facebook SDK, only the
195         first one will be able to use the provider. To work around this problem, we use the
196         following placeholder in the authority to identify each host application as if it was
197         a completely different provider.
198        -->
199        <provider
199-->[com.facebook.android:facebook-core:13.2.0] AndroidManifest.xml:41:9-44:40
200            android:name="com.facebook.internal.FacebookInitProvider"
200-->[com.facebook.android:facebook-core:13.2.0] AndroidManifest.xml:42:13-70
201            android:authorities="com.example.signin_page.FacebookInitProvider"
201-->[com.facebook.android:facebook-core:13.2.0] AndroidManifest.xml:43:13-72
202            android:exported="false" />
202-->[com.facebook.android:facebook-core:13.2.0] AndroidManifest.xml:44:13-37
203
204        <receiver
204-->[com.facebook.android:facebook-core:13.2.0] AndroidManifest.xml:46:9-52:20
205            android:name="com.facebook.CurrentAccessTokenExpirationBroadcastReceiver"
205-->[com.facebook.android:facebook-core:13.2.0] AndroidManifest.xml:47:13-86
206            android:exported="false" >
206-->[com.facebook.android:facebook-core:13.2.0] AndroidManifest.xml:48:13-37
207            <intent-filter>
207-->[com.facebook.android:facebook-core:13.2.0] AndroidManifest.xml:49:13-51:29
208                <action android:name="com.facebook.sdk.ACTION_CURRENT_ACCESS_TOKEN_CHANGED" />
208-->[com.facebook.android:facebook-core:13.2.0] AndroidManifest.xml:50:17-95
208-->[com.facebook.android:facebook-core:13.2.0] AndroidManifest.xml:50:25-92
209            </intent-filter>
210        </receiver>
211        <receiver
211-->[com.facebook.android:facebook-core:13.2.0] AndroidManifest.xml:53:9-59:20
212            android:name="com.facebook.AuthenticationTokenManager$CurrentAuthenticationTokenChangedBroadcastReceiver"
212-->[com.facebook.android:facebook-core:13.2.0] AndroidManifest.xml:54:13-118
213            android:exported="false" >
213-->[com.facebook.android:facebook-core:13.2.0] AndroidManifest.xml:55:13-37
214            <intent-filter>
214-->[com.facebook.android:facebook-core:13.2.0] AndroidManifest.xml:56:13-58:29
215                <action android:name="com.facebook.sdk.ACTION_CURRENT_AUTHENTICATION_TOKEN_CHANGED" />
215-->[com.facebook.android:facebook-core:13.2.0] AndroidManifest.xml:57:17-103
215-->[com.facebook.android:facebook-core:13.2.0] AndroidManifest.xml:57:25-100
216            </intent-filter>
217        </receiver>
218    </application>
219
220</manifest>